<?xml version="1.0" encoding="UTF-8"?>
<testsuite name="PicrossPuzzleTest" tests="1" skipped="0" failures="0" errors="0" timestamp="2023-03-14T00:34:47" hostname="5CG024DF09" time="0.049">
  <properties/>
  <testcase name="testToString()" classname="PicrossPuzzleTest" time="0.049"/>
  <system-out><![CDATA[         |                  1 
         |1 2 2 1   1     1 2 
         |1 1 3 1   1 5 2 3 3 
         |2 2 1 1 1 2 4 2 1 1 
_________|____________________
  3 2 1  |X X X O O X X O O X 
  2 1 1  |O X X O O O X O X O 
    3 1  |O O O O O X X X O X 
1 1 2 1  |O X O X O O X X O X 
  1 1 3  |X O X O X X X O O O 
  3 1 2  |O X X X O X O O X X 
  2 1 2  |O X X O O O X O X X 
    1 2  |O O O O O O X O X X 
    1 2  |X O O O O O X X O O 
  1 2 4  |X O X X O O X X X X 

]]></system-out>
  <system-err><![CDATA[]]></system-err>
</testsuite>
