<?xml version="1.0" encoding="UTF-8"?>
<testsuite name="DomainTest" tests="2" skipped="0" failures="0" errors="0" timestamp="2023-03-16T15:34:31" hostname="5CG024DF09" time="0.048">
  <properties/>
  <testcase name="fillInClueTest()" classname="DomainTest" time="0.037"/>
  <testcase name="placeClueTest()" classname="DomainTest" time="0.01"/>
  <system-out><![CDATA[{[true, false, true, true, false, true, true, true, false, false],
[true, false, true, true, false, false, true, true, true, false],
[true, false, true, true, false, false, false, true, true, true],
[true, false, false, true, true, false, true, true, true, false],
[true, false, false, true, true, false, false, true, true, true],
[true, false, false, false, true, true, false, true, true, true],
[false, true, false, true, true, false, true, true, true, false],
[false, true, false, true, true, false, false, true, true, true],
[false, true, false, false, true, true, false, true, true, true],
[false, false, true, false, true, true, false, true, true, true],}

]]></system-out>
  <system-err><![CDATA[]]></system-err>
</testsuite>
