<?xml version="1.0" encoding="UTF-8"?>
<testsuite name="PicrossPuzzleTest" tests="1" skipped="0" failures="0" errors="0" timestamp="2023-03-14T00:16:27" hostname="5CG024DF09" time="0.051">
  <properties/>
  <testcase name="testToString()" classname="PicrossPuzzleTest" time="0.051"/>
  <system-out><![CDATA[         |        1           
         |1     1 1 1   1   1 
         |1 1 4 2 1 1 6 1 3 2 
         |2 3 1 1 3 1 3 1 2 1 
_________|____________________
    3 2  |X X X O O X X O O O 
  3 1 1  |O O X X X O X O O X 
    1 2  |O O X O O O X X O O 
1 3 1 2  |X O X X X O X O X X 
  1 1 2  |O O O X O O X O X X 
  1 3 1  |X O O O X X X O X O 
    2 1  |X X O O O O O O O X 
    2 5  |O X X O X X X X X O 
1 1 1 1  |O X O O X O X O X O 
    2 2  |O O O X X O X X O O 

]]></system-out>
  <system-err><![CDATA[]]></system-err>
</testsuite>
