<?xml version="1.0" encoding="UTF-8"?>
<testsuite name="PicrossPuzzleTest" tests="1" skipped="0" failures="0" errors="0" timestamp="2023-03-06T19:13:45" hostname="5CG024DF09" time="0.051">
  <properties/>
  <testcase name="testToString()" classname="PicrossPuzzleTest" time="0.051"/>
  <system-out><![CDATA[1, 1, 1, 1, 0, 1, 0, 0, 1, 1, 
1, 1, 0, 0, 1, 0, 0, 0, 0, 1, 
1, 1, 1, 0, 1, 1, 0, 1, 0, 1, 
1, 1, 1, 0, 1, 0, 1, 0, 0, 0, 
1, 1, 1, 0, 1, 1, 1, 0, 0, 0, 
1, 0, 0, 1, 1, 1, 0, 1, 1, 1, 
1, 1, 0, 0, 1, 0, 0, 0, 0, 0, 
1, 0, 0, 0, 0, 0, 1, 1, 1, 0, 
0, 0, 0, 0, 1, 1, 1, 0, 0, 1, 
0, 0, 1, 0, 1, 1, 1, 1, 1, 1, 
Rows: [PiClue{clues=[4, 1, 2]}, PiClue{clues=[2, 1, 1]}, PiClue{clues=[3, 2, 1, 1]}, PiClue{clues=[3, 1, 1]}, PiClue{clues=[3, 3]}, PiClue{clues=[1, 3, 3]}, PiClue{clues=[2, 1]}, PiClue{clues=[1, 3]}, PiClue{clues=[3, 1]}, PiClue{clues=[1, 6]}]
Cols: [PiClue{clues=[8]}, PiClue{clues=[5, 1]}, PiClue{clues=[1, 3, 1]}, PiClue{clues=[1, 1]}, PiClue{clues=[6, 2]}, PiClue{clues=[1, 1, 2, 2]}, PiClue{clues=[2, 3]}, PiClue{clues=[1, 1, 1, 1]}, PiClue{clues=[1, 1, 1, 1]}, PiClue{clues=[3, 1, 2]}]
]]></system-out>
  <system-err><![CDATA[]]></system-err>
</testsuite>
